make all --print-data-base --no-builtin-variables --no-builtin-rules --question
# GNU Make 3.81
# Copyright (C) 2006  Free Software Foundation, Inc.
# This is free software; see the source for copying conditions.
# There is NO warranty; not even for MERCHANTABILITY or FITNESS FOR A
# PARTICULAR PURPOSE.

# This program built for i386-apple-darwin11.3.0
 
make: *** No rule to make target `all'.  Stop.


# Make data base, printed on Thu May 26 14:56:29 2022

# Variables

# automatic
<D = $(patsubst %/,%,$(dir $<))
# automatic
?F = $(notdir $?)
# environment
ELECTRON_NO_ATTACH_CONSOLE = 1
# environment
LC_CTYPE = UTF-8
# environment
VSCODE_LOG_NATIVE = false
# automatic
?D = $(patsubst %/,%,$(dir $?))
# automatic
@D = $(patsubst %/,%,$(dir $@))
# automatic
@F = $(notdir $@)
# makefile
CURDIR := /Users/borjarever/development/MLOPS/Atforestry-Capstone/infrastructure
# makefile
SHELL = /bin/sh
# environment
VSCODE_NLS_CONFIG = {"locale":"en-gb","availableLanguages":{},"_languagePackSupport":true}
# environment
_ = /usr/bin/make
# environment
GOOGLE_APPLICATION_CREDENTIALS = /Users/borjarever/.config/gcloud/application_default_credentials.json
# makefile (from `Makefile', line 1)
MAKEFILE_LIST :=  Makefile
# environment
VSCODE_VERBOSE_LOGGING = true
# environment
__CFBundleIdentifier = com.microsoft.VSCode
# environment
VSCODE_IPC_HOOK_EXTHOST = /var/folders/0j/f546dnbd1r32t671j5gph3gh0000gn/T/vscode-ipc-9f4d0c12-b5ec-4370-b17a-7ba7c7496e05.sock
# environment
VSCODE_CWD = /Users/borjarever/development/MLOPS/Atforestry-Capstone/infrastructure
# environment
PATH = /Users/borjarever/google-cloud-sdk/bin:/Users/borjarever/miniconda/bin:/Users/borjarever/miniconda/condabin:/Users/borjarever/.yarn/bin:/Users/borjarever/.config/yarn/global/node_modules/.bin:/usr/local/bin:/usr/bin:/bin:/usr/sbin:/sbin:/Library/Apple/usr/bin:/Users/borjarever/development/flutter/bin:/Users/borjarever/Library/Python/3.7/bin
# environment
LSCOLORS = Gxfxcxdxbxegedabagacad
# environment
LaunchInstanceID = 8A86D10D-C614-423E-A7C4-7BC5A44CD5F8
# environment
VSCODE_LOG_STACK = false
# environment
ELECTRON_RUN_AS_NODE = 1
# environment
ANDROID_HOME = /Users/borjarever/Library/Android/sdk
# default
.FEATURES := target-specific order-only second-expansion else-if archives jobserver check-symlink
# environment
SSH_AUTH_SOCK = /private/tmp/com.apple.launchd.L6f6ASfduA/Listeners
# automatic
%F = $(notdir $%)
# environment
CONDA_EXE = /Users/borjarever/miniconda/bin/conda
# environment
VSCODE_PIPE_LOGGING = true
# environment
PWD = /Users/borjarever/development/MLOPS/Atforestry-Capstone/infrastructure
# environment
ORIGINAL_XDG_CURRENT_DESKTOP = undefined
# environment
VSCODE_AMD_ENTRYPOINT = vs/workbench/api/node/extensionHostProcess
# environment
HOME = /Users/borjarever
# default
MAKEFILEPATH := /Applications/Xcode.app/Contents/Developer/Makefiles
# environment
VSCODE_CLI = 1
# environment
VSCODE_CODE_CACHE_PATH = /Users/borjarever/Library/Application Support/Code/CachedData/c3511e6c69bb39013c4a4b7b9566ec1ca73fc4d5
# environment
LOGNAME = borjarever
# environment
APPLICATION_INSIGHTS_NO_DIAGNOSTIC_CHANNEL = 1
# environment
CONDA_PROMPT_MODIFIER = (base) 
# environment
ZSH = /Users/borjarever/.oh-my-zsh
# environment
VSCODE_HANDLES_UNCAUGHT_ERRORS = true
# automatic
^D = $(patsubst %/,%,$(dir $^))
# environment
CONDA_DEFAULT_ENV = base
# environment
XPC_FLAGS = 0x0
# default
MAKE = $(MAKE_COMMAND)
# default
MAKECMDGOALS := all
# environment
SHLVL = 3
# environment
JAVA_HOME = /Library/Java/JavaVirtualMachines/jdk1.8.0_191.jdk/Contents/Home
# default
MAKE_VERSION := 3.81
# environment
USER = borjarever
# makefile
.DEFAULT_GOAL := create-infrastructure
# environment
TERM_SESSION_ID = 6DDB4313-65C7-4F08-AF82-097A954871DA
# environment
LESS = -R
# automatic
%D = $(patsubst %/,%,$(dir $%))
# environment
CONDA_SHLVL = 1
# default
MAKE_COMMAND := /Applications/Xcode.app/Contents/Developer/usr/bin/make
# environment
TERM_PROGRAM = Apple_Terminal
# default
.VARIABLES := 
# environment
TMPDIR = /var/folders/0j/f546dnbd1r32t671j5gph3gh0000gn/T/
# automatic
*F = $(notdir $*)
# environment
VSCODE_IPC_HOOK = /Users/borjarever/Library/Application Support/Code/1.67.2-main.sock
# makefile
MAKEFLAGS = Rrqp
# environment
MFLAGS = -Rrqp
# automatic
*D = $(patsubst %/,%,$(dir $*))
# environment
TERM_PROGRAM_VERSION = 445
# environment
NVM_DIR = /Users/borjarever/.nvm
# environment
XPC_SERVICE_NAME = application.com.microsoft.VSCode.251006544.251006550.554B23AD-1FA1-4310-8109-D85A84C07B1F
# automatic
+D = $(patsubst %/,%,$(dir $+))
# automatic
+F = $(notdir $+)
# environment
__CF_USER_TEXT_ENCODING = 0x1F5:0x0:0x2
# environment
COMMAND_MODE = unix2003
# default
MAKEFILES := 
# automatic
<F = $(notdir $<)
# environment
PAGER = less
# environment
ANDROID_SDK_ROOT = /Users/borjarever/Library/Android/sdk
# environment
LC_ALL = C
# environment
CONDA_PYTHON_EXE = /Users/borjarever/miniconda/bin/python
# environment
SECURITYSESSIONID = 186c2
# automatic
^F = $(notdir $^)
# default
SUFFIXES := 
# environment
_CE_M = 
# default
.INCLUDE_DIRS = /usr/local/include
# environment
MAKELEVEL := 0
# environment
CONDA_PREFIX = /Users/borjarever/miniconda
# environment
TERM = xterm-256color
# environment
VSCODE_PID = 60066
# environment
_CE_CONDA = 
# environment
LANG = C
# variable set hash-table stats:
# Load=88/1024=9%, Rehash=0, Collisions=2/112=2%

# Pattern-specific Variable Values

# No pattern-specific variable values.

# Directories

# . (device 16777220, inode 252693281): 9 files, no impossibilities.

# 9 files, no impossibilities in 1 directories.

# Implicit Rules

# No implicit rules.

# Files

deploy-services:
#  Implicit rule search has not been done.
#  Modification time never checked.
#  File has not been updated.
#  commands to execute (from `Makefile', line 10):
	kubectl apply -f ./yamls
	

create-infrastructure:
#  Implicit rule search has not been done.
#  Modification time never checked.
#  File has not been updated.
#  commands to execute (from `Makefile', line 2):
	gcloud container clusters create traderbot-cluster \
	--region "us-central1" \
	--machine-type "e2-standard-2" --disk-type "pd-standard" --disk-size "100" \
	--num-nodes "1" --node-locations "us-central1-b","us-central1-c"
	gcloud artifacts repositories create "capstone-traderbot" --repository-format=Docker --location=us-central1
	kubectl apply -f ./yamls
	

# Not a target:
all:
#  Command-line target.
#  Implicit rule search has been done.
#  File does not exist.
#  File has not been updated.
# variable set hash-table stats:
# Load=0/32=0%, Rehash=0, Collisions=0/0=0%

# Not a target:
.SUFFIXES:
#  Implicit rule search has not been done.
#  Modification time never checked.
#  File has not been updated.

delete-cluster:
#  Implicit rule search has not been done.
#  Modification time never checked.
#  File has not been updated.
#  commands to execute (from `Makefile', line 19):
	gcloud container clusters delete traderbot-cluster
	

# Not a target:
Makefile:
#  Implicit rule search has been done.
#  Last modified 2022-05-26 14:46:49
#  File has been updated.
#  Successfully updated.
# variable set hash-table stats:
# Load=0/32=0%, Rehash=0, Collisions=0/0=0%

# Not a target:
.DEFAULT:
#  Implicit rule search has not been done.
#  Modification time never checked.
#  File has not been updated.

reset-db:
#  Implicit rule search has not been done.
#  Modification time never checked.
#  File has not been updated.
#  commands to execute (from `Makefile', line 16):
	kubectl exec -it `kubectl get pods -l app=postgres -o wide | grep -v NAME | awk '{print $$1}'` -- psql -U postgres < ./db/schema.sql
	

auth:
#  Implicit rule search has not been done.
#  Modification time never checked.
#  File has not been updated.
#  commands to execute (from `Makefile', line 22):
	gcloud container clusters get-credentials traderbot-cluster --region us-central1
	

delete-services:
#  Implicit rule search has not been done.
#  Modification time never checked.
#  File has not been updated.
#  commands to execute (from `Makefile', line 13):
	kubectl delete -f ./yamls
	

# files hash-table stats:
# Load=10/1024=1%, Rehash=0, Collisions=0/22=0%
# VPATH Search Paths

# No `vpath' search paths.

# No general (`VPATH' variable) search path.

# # of strings in strcache: 1
# # of strcache buffers: 1
# strcache size: total = 4096 / max = 4096 / min = 4096 / avg = 4096
# strcache free: total = 4087 / max = 4087 / min = 4087 / avg = 4087

# Finished Make data base on Thu May 26 14:56:29 2022

 
